<?xml version="1.0" encoding="UTF-8"?>
<!-- Generated by org.testng.reporters.JUnitXMLReporter -->
<testsuite ignored="1" hostname="Dark-Saber" failures="0" tests="1" name="Default test" time="41.953" errors="0" timestamp="2026-03-31T19:30:43 IST">
  <testcase classname="com.vista.tests.DashboardFunctionsTest" name="testCertificateSearchWithCustomNumber" time="29.897"/>
  <testcase classname="com.vista.tests.DashboardFunctionsTest" name="testDashboardSearchAndFilters" time="0.0">
    <ignored/>
  </testcase> <!-- testDashboardSearchAndFilters -->
</testsuite> <!-- Default test -->
