<?xml version="1.0" encoding="UTF-8"?>
<!-- Generated by org.testng.reporters.JUnitXMLReporter -->
<testsuite ignored="0" hostname="Dark-Saber" failures="0" tests="3" name="AllureTest" time="122.932" errors="0" timestamp="2025-10-13T13:21:04 IST">
  <testcase classname="Testcases.ManualRequest" name="ManualRequests" time="73.006"/>
  <testcase classname="Testcases.LoginLogout" name="LogIn" time="10.652"/>
  <testcase classname="Testcases.CreateUser" name="UserCreation" time="15.787"/>
</testsuite> <!-- AllureTest -->
