<?xml version="1.0" encoding="UTF-8"?>
<testng-results ignored="0" total="1" passed="1" failed="0" skipped="0">
  <reporter-output>
  </reporter-output>
  <suite started-at="2026-02-27T12:56:42 IST" name="Default suite" finished-at="2026-02-27T12:56:55 IST" duration-ms="13174">
    <groups>
    </groups>
    <test started-at="2026-02-27T12:56:42 IST" name="Default test" finished-at="2026-02-27T12:56:55 IST" duration-ms="13174">
      <class name="Testcases.LoginLogoutTest">
        <test-method is-config="true" signature="launchApp()[pri:0, instance:Testcases.LoginLogoutTest@53de625d]" started-at="2026-02-27T12:56:42 IST" name="launchApp" finished-at="2026-02-27T12:56:48 IST" duration-ms="5860" status="PASS">
          <reporter-output>
          </reporter-output>
        </test-method> <!-- launchApp -->
        <test-method signature="LogIn()[pri:0, instance:Testcases.LoginLogoutTest@53de625d]" started-at="2026-02-27T12:56:48 IST" name="LogIn" finished-at="2026-02-27T12:56:55 IST" duration-ms="6908" status="PASS">
          <reporter-output>
          </reporter-output>
        </test-method> <!-- LogIn -->
        <test-method is-config="true" signature="teardown()[pri:0, instance:Testcases.LoginLogoutTest@53de625d]" started-at="2026-02-27T12:56:55 IST" name="teardown" finished-at="2026-02-27T12:56:55 IST" duration-ms="233" status="PASS">
          <reporter-output>
          </reporter-output>
        </test-method> <!-- teardown -->
      </class> <!-- Testcases.LoginLogoutTest -->
    </test> <!-- Default test -->
  </suite> <!-- Default suite -->
</testng-results>
