<?xml version="1.0" encoding="UTF-8"?>
<!-- Generated by org.testng.reporters.JUnitReportReporter -->
<testsuite hostname="Dark-Saber" failures="0" tests="2" name="Testcases.LoginLogout" time="90.946" errors="1" timestamp="2025-09-29T18:40:25 IST" skipped="0">
  <testcase classname="Testcases.LoginLogout" name="LogOut" time="42.582">
    <error message="Session ID is null. Using WebDriver after calling quit()?
Build info: version: &#039;4.33.0&#039;, revision: &#039;2c6aaad03a&#039;
System info: os.name: &#039;Windows 11&#039;, os.arch: &#039;amd64&#039;, os.version: &#039;10.0&#039;, java.version: &#039;11.0.20&#039;
Driver info: org.openqa.selenium.chrome.ChromeDriver
Command: [null, findElement {value=a.dropdown-toggle.dropdown-toggle-profile, using=css selector}]
Capabilities {acceptInsecureCerts: false, browserName: chrome, browserVersion: 140.0.7339.186, chrome: {chromedriverVersion: 140.0.7339.207 (17230b545fd..., userDataDir: C:\WINDOWS\TEMP\scoped_dir2...}, fedcm:accounts: true, goog:chromeOptions: {debuggerAddress: localhost:54375}, networkConnectionEnabled: false, pageLoadStrategy: normal, platformName: windows, proxy: Proxy(), se:cdp: ws://localhost:54375/devtoo..., se:cdpVersion: 140.0.7339.186, setWindowRect: true, strictFileInteractability: false, timeouts: {implicit: 0, pageLoad: 300000, script: 30000}, unhandledPromptBehavior: dismiss and notify, webauthn:extension:credBlob: true, webauthn:extension:largeBlob: true, webauthn:extension:minPinLength: true, webauthn:extension:prf: true, webauthn:virtualAuthenticators: true}" type="org.openqa.selenium.NoSuchSessionException">
      <![CDATA[org.openqa.selenium.NoSuchSessionException: Session ID is null. Using WebDriver after calling quit()?
Build info: version: '4.33.0', revision: '2c6aaad03a'
System info: os.name: 'Windows 11', os.arch: 'amd64', os.version: '10.0', java.version: '11.0.20'
Driver info: org.openqa.selenium.chrome.ChromeDriver
Command: [null, findElement {value=a.dropdown-toggle.dropdown-toggle-profile, using=css selector}]
Capabilities {acceptInsecureCerts: false, browserName: chrome, browserVersion: 140.0.7339.186, chrome: {chromedriverVersion: 140.0.7339.207 (17230b545fd..., userDataDir: C:\WINDOWS\TEMP\scoped_dir2...}, fedcm:accounts: true, goog:chromeOptions: {debuggerAddress: localhost:54375}, networkConnectionEnabled: false, pageLoadStrategy: normal, platformName: windows, proxy: Proxy(), se:cdp: ws://localhost:54375/devtoo..., se:cdpVersion: 140.0.7339.186, setWindowRect: true, strictFileInteractability: false, timeouts: {implicit: 0, pageLoad: 300000, script: 30000}, unhandledPromptBehavior: dismiss and notify, webauthn:extension:credBlob: true, webauthn:extension:largeBlob: true, webauthn:extension:minPinLength: true, webauthn:extension:prf: true, webauthn:virtualAuthenticators: true}
at org.openqa.selenium.remote.HttpCommandExecutor.execute(HttpCommandExecutor.java:176)
at org.openqa.selenium.remote.service.DriverCommandExecutor.invokeExecute(DriverCommandExecutor.java:216)
at org.openqa.selenium.remote.service.DriverCommandExecutor.execute(DriverCommandExecutor.java:174)
at org.openqa.selenium.remote.RemoteWebDriver.execute(RemoteWebDriver.java:544)
at org.openqa.selenium.remote.ElementLocation$ElementFinder$2.findElement(ElementLocation.java:165)
at org.openqa.selenium.remote.ElementLocation.findElement(ElementLocation.java:59)
at org.openqa.selenium.remote.RemoteWebDriver.findElement(RemoteWebDriver.java:367)
at org.openqa.selenium.remote.RemoteWebDriver.findElement(RemoteWebDriver.java:361)
at Pages.Datas.Logout(Datas.java:136)
at Testcases.LoginLogout.LogOut(LoginLogout.java:25)
at java.base/jdk.internal.reflect.NativeMethodAccessorImpl.invoke0(Native Method)
at java.base/jdk.internal.reflect.NativeMethodAccessorImpl.invoke(NativeMethodAccessorImpl.java:62)
at java.base/jdk.internal.reflect.DelegatingMethodAccessorImpl.invoke(DelegatingMethodAccessorImpl.java:43)
at java.base/java.lang.reflect.Method.invoke(Method.java:566)
at org.testng.internal.invokers.MethodInvocationHelper.invokeMethod(MethodInvocationHelper.java:139)
at org.testng.internal.invokers.MethodInvocationHelper.invokeMethodConsideringTimeout(MethodInvocationHelper.java:69)
at org.testng.internal.invokers.ConfigInvoker.invokeConfigurationMethod(ConfigInvoker.java:390)
at org.testng.internal.invokers.ConfigInvoker.invokeConfigurations(ConfigInvoker.java:325)
at org.testng.TestRunner.invokeTestConfigurations(TestRunner.java:663)
at org.testng.TestRunner.afterRun(TestRunner.java:933)
at org.testng.TestRunner.run(TestRunner.java:624)
at org.testng.SuiteRunner.runTest(SuiteRunner.java:443)
at org.testng.SuiteRunner.runSequentially(SuiteRunner.java:437)
at org.testng.SuiteRunner.privateRun(SuiteRunner.java:397)
at org.testng.SuiteRunner.run(SuiteRunner.java:336)
at org.testng.SuiteRunnerWorker.runSuite(SuiteRunnerWorker.java:52)
at org.testng.SuiteRunnerWorker.run(SuiteRunnerWorker.java:95)
at org.testng.TestNG.runSuitesSequentially(TestNG.java:1280)
at org.testng.TestNG.runSuitesLocally(TestNG.java:1200)
at org.testng.TestNG.runSuites(TestNG.java:1114)
at org.testng.TestNG.run(TestNG.java:1082)
at org.testng.remote.AbstractRemoteTestNG.run(AbstractRemoteTestNG.java:115)
at org.testng.remote.RemoteTestNG.initAndRun(RemoteTestNG.java:293)
at org.testng.remote.RemoteTestNG.main(RemoteTestNG.java:91)
]]>
    </error>
  </testcase> <!-- LogOut -->
  <testcase classname="Testcases.LoginLogout" name="LogIn" time="48.364"/>
</testsuite> <!-- Testcases.LoginLogout -->
